<?xml version="1.0" encoding="UTF-8"?>
<!-- Generated by org.testng.reporters.JUnitXMLReporter -->
<testsuite ignored="0" hostname="DESKTOP-16K4T19" failures="0" tests="3" name="Default test" time="15.907" errors="0" timestamp="2023-02-13T22:06:09 IST">
  <testcase classname="TestCases.VerifyLoginPage" name="login" time="0.993"/>
  <testcase classname="TestCases.VerifyLoginPage" name="login" time="0.79"/>
  <testcase classname="TestCases.VerifyLoginPage" name="login" time="0.75"/>
</testsuite> <!-- Default test -->
