<?xml version="1.0" encoding="UTF-8"?>
<testng-results ignored="0" total="3" passed="3" failed="0" skipped="0">
  <reporter-output>
  </reporter-output>
  <suite started-at="2023-02-13T22:05:53 IST" name="Default suite" finished-at="2023-02-13T22:06:09 IST" duration-ms="15907">
    <groups>
    </groups>
    <test started-at="2023-02-13T22:05:53 IST" name="Default test" finished-at="2023-02-13T22:06:09 IST" duration-ms="15907">
      <class name="TestCases.VerifyLoginPage">
        <test-method is-config="true" signature="openurl()[pri:0, instance:TestCases.VerifyLoginPage@20deea7f]" started-at="2023-02-13T22:05:53 IST" name="openurl" finished-at="2023-02-13T22:05:58 IST" duration-ms="4866" status="PASS">
          <reporter-output>
          </reporter-output>
        </test-method> <!-- openurl -->
        <test-method signature="login(java.lang.String,java.lang.String)[pri:0, instance:TestCases.VerifyLoginPage@20deea7f]" started-at="2023-02-13T22:05:58 IST" name="login" data-provider="Testdata" finished-at="2023-02-13T22:05:59 IST" duration-ms="993" status="PASS">
          <params>
            <param index="0">
              <value>
                <![CDATA[ravi]]>
              </value>
            </param>
            <param index="1">
              <value>
                <![CDATA[ravi123]]>
              </value>
            </param>
          </params>
          <reporter-output>
          </reporter-output>
        </test-method> <!-- login -->
        <test-method is-config="true" signature="closebrowser()[pri:0, instance:TestCases.VerifyLoginPage@20deea7f]" started-at="2023-02-13T22:05:59 IST" name="closebrowser" finished-at="2023-02-13T22:05:59 IST" duration-ms="451" status="PASS">
          <reporter-output>
          </reporter-output>
        </test-method> <!-- closebrowser -->
        <test-method is-config="true" signature="openurl()[pri:0, instance:TestCases.VerifyLoginPage@20deea7f]" started-at="2023-02-13T22:05:59 IST" name="openurl" finished-at="2023-02-13T22:06:02 IST" duration-ms="3330" status="PASS">
          <reporter-output>
          </reporter-output>
        </test-method> <!-- openurl -->
        <test-method signature="login(java.lang.String,java.lang.String)[pri:0, instance:TestCases.VerifyLoginPage@20deea7f]" started-at="2023-02-13T22:06:02 IST" name="login" data-provider="Testdata" finished-at="2023-02-13T22:06:03 IST" duration-ms="790" status="PASS">
          <params>
            <param index="0">
              <value>
                <![CDATA[ravi]]>
              </value>
            </param>
            <param index="1">
              <value>
                <![CDATA[ravi12]]>
              </value>
            </param>
          </params>
          <reporter-output>
          </reporter-output>
        </test-method> <!-- login -->
        <test-method is-config="true" signature="closebrowser()[pri:0, instance:TestCases.VerifyLoginPage@20deea7f]" started-at="2023-02-13T22:06:03 IST" name="closebrowser" finished-at="2023-02-13T22:06:04 IST" duration-ms="306" status="PASS">
          <reporter-output>
          </reporter-output>
        </test-method> <!-- closebrowser -->
        <test-method is-config="true" signature="openurl()[pri:0, instance:TestCases.VerifyLoginPage@20deea7f]" started-at="2023-02-13T22:06:04 IST" name="openurl" finished-at="2023-02-13T22:06:08 IST" duration-ms="4053" status="PASS">
          <reporter-output>
          </reporter-output>
        </test-method> <!-- openurl -->
        <test-method signature="login(java.lang.String,java.lang.String)[pri:0, instance:TestCases.VerifyLoginPage@20deea7f]" started-at="2023-02-13T22:06:08 IST" name="login" data-provider="Testdata" finished-at="2023-02-13T22:06:08 IST" duration-ms="750" status="PASS">
          <params>
            <param index="0">
              <value>
                <![CDATA[ravi]]>
              </value>
            </param>
            <param index="1">
              <value>
                <![CDATA[ravi1234]]>
              </value>
            </param>
          </params>
          <reporter-output>
          </reporter-output>
        </test-method> <!-- login -->
        <test-method is-config="true" signature="closebrowser()[pri:0, instance:TestCases.VerifyLoginPage@20deea7f]" started-at="2023-02-13T22:06:08 IST" name="closebrowser" finished-at="2023-02-13T22:06:09 IST" duration-ms="304" status="PASS">
          <reporter-output>
          </reporter-output>
        </test-method> <!-- closebrowser -->
      </class> <!-- TestCases.VerifyLoginPage -->
    </test> <!-- Default test -->
  </suite> <!-- Default suite -->
</testng-results>
