<?xml version="1.0" encoding="UTF-8"?>
<testng-results ignored="0" total="1" passed="1" failed="0" skipped="0">
  <reporter-output>
  </reporter-output>
  <suite started-at="2023-02-16T20:52:12 IST" name="Default suite" finished-at="2023-02-16T20:52:31 IST" duration-ms="19516">
    <groups>
    </groups>
    <test started-at="2023-02-16T20:52:12 IST" name="Default test" finished-at="2023-02-16T20:52:31 IST" duration-ms="19516">
      <class name="TestCases.VerifyGoibio">
        <test-method is-config="true" signature="openurl()[pri:0, instance:TestCases.VerifyGoibio@2c767a52]" started-at="2023-02-16T20:52:12 IST" name="openurl" finished-at="2023-02-16T20:52:22 IST" duration-ms="10041" status="PASS">
          <reporter-output>
          </reporter-output>
        </test-method> <!-- openurl -->
        <test-method signature="goibio()[pri:0, instance:TestCases.VerifyGoibio@2c767a52]" started-at="2023-02-16T20:52:22 IST" name="goibio" finished-at="2023-02-16T20:52:31 IST" duration-ms="9188" status="PASS">
          <reporter-output>
          </reporter-output>
        </test-method> <!-- goibio -->
        <test-method is-config="true" signature="closebrowser()[pri:0, instance:TestCases.VerifyGoibio@2c767a52]" started-at="2023-02-16T20:52:31 IST" name="closebrowser" finished-at="2023-02-16T20:52:31 IST" duration-ms="223" status="PASS">
          <reporter-output>
          </reporter-output>
        </test-method> <!-- closebrowser -->
      </class> <!-- TestCases.VerifyGoibio -->
    </test> <!-- Default test -->
  </suite> <!-- Default suite -->
</testng-results>
